<?xml version="1.0" encoding="UTF-8"?>
<!-- Generated by org.testng.reporters.JUnitXMLReporter -->
<testsuite ignored="0" hostname="IBM-7V5V4D4" failures="0" tests="3" name="Default test" time="38.569" errors="0" timestamp="2025-12-29T12:13:28 IST">
  <testcase classname="com.ibm.testing.Authentication" name="validEmailInvalidPassword" time="5.158"/>
  <testcase classname="com.ibm.testing.Authentication" name="validEmailInvalidPasswordFormat" time="5.211"/>
  <testcase classname="com.ibm.testing.Authentication" name="validLogin" time="5.348"/>
</testsuite> <!-- Default test -->
