<?xml version="1.0" encoding="UTF-8"?>
<!-- Generated by org.testng.reporters.JUnitXMLReporter -->
<testsuite ignored="0" hostname="IBM-7V5V4D4" failures="0" tests="3" name="Test" time="42.338" errors="0" timestamp="2025-12-29T12:21:33 IST">
  <testcase classname="com.ibm.testing.Authentication" name="validEmailInvalidPassword" time="5.229"/>
  <testcase classname="com.ibm.testing.Authentication" name="validEmailInvalidPasswordFormat" time="5.123"/>
  <testcase classname="com.ibm.testing.Authentication" name="validLogin" time="5.925"/>
</testsuite> <!-- Test -->
