<?xml version="1.0" encoding="UTF-8"?>
<testng-results ignored="0" total="3" passed="3" failed="0" skipped="0">
  <reporter-output>
  </reporter-output>
  <suite started-at="2025-12-29T12:20:51 IST" name="Suite" finished-at="2025-12-29T12:21:33 IST" duration-ms="42338">
    <groups>
      <group name="authentication">
        <method signature="Authentication.validEmailInvalidPassword()[pri:0, instance:com.ibm.testing.Authentication@c730b35]" name="validEmailInvalidPassword" class="com.ibm.testing.Authentication"/>
        <method signature="Authentication.validEmailInvalidPasswordFormat()[pri:0, instance:com.ibm.testing.Authentication@c730b35]" name="validEmailInvalidPasswordFormat" class="com.ibm.testing.Authentication"/>
        <method signature="Authentication.validLogin()[pri:0, instance:com.ibm.testing.Authentication@c730b35]" name="validLogin" class="com.ibm.testing.Authentication"/>
      </group> <!-- authentication -->
    </groups>
    <test started-at="2025-12-29T12:20:51 IST" name="Test" finished-at="2025-12-29T12:21:33 IST" duration-ms="42338">
      <class name="com.ibm.testing.Authentication">
        <test-method is-config="true" signature="setUp()[pri:0, instance:com.ibm.testing.Authentication@c730b35]" started-at="2025-12-29T12:20:51 IST" name="setUp" finished-at="2025-12-29T12:20:55 IST" duration-ms="4759" status="PASS">
          <reporter-output>
          </reporter-output>
        </test-method> <!-- setUp -->
        <test-method signature="validEmailInvalidPassword()[pri:0, instance:com.ibm.testing.Authentication@c730b35]" started-at="2025-12-29T12:20:55 IST" name="validEmailInvalidPassword" finished-at="2025-12-29T12:21:01 IST" duration-ms="5229" status="PASS">
          <reporter-output>
          </reporter-output>
        </test-method> <!-- validEmailInvalidPassword -->
        <test-method is-config="true" signature="tearDown()[pri:0, instance:com.ibm.testing.Authentication@c730b35]" started-at="2025-12-29T12:21:01 IST" name="tearDown" finished-at="2025-12-29T12:21:05 IST" duration-ms="4600" status="PASS">
          <reporter-output>
          </reporter-output>
        </test-method> <!-- tearDown -->
        <test-method is-config="true" signature="setUp()[pri:0, instance:com.ibm.testing.Authentication@c730b35]" started-at="2025-12-29T12:21:05 IST" name="setUp" finished-at="2025-12-29T12:21:09 IST" duration-ms="3987" status="PASS">
          <reporter-output>
          </reporter-output>
        </test-method> <!-- setUp -->
        <test-method signature="validEmailInvalidPasswordFormat()[pri:0, instance:com.ibm.testing.Authentication@c730b35]" started-at="2025-12-29T12:21:09 IST" name="validEmailInvalidPasswordFormat" finished-at="2025-12-29T12:21:14 IST" duration-ms="5123" status="PASS">
          <reporter-output>
          </reporter-output>
        </test-method> <!-- validEmailInvalidPasswordFormat -->
        <test-method is-config="true" signature="tearDown()[pri:0, instance:com.ibm.testing.Authentication@c730b35]" started-at="2025-12-29T12:21:14 IST" name="tearDown" finished-at="2025-12-29T12:21:19 IST" duration-ms="4582" status="PASS">
          <reporter-output>
          </reporter-output>
        </test-method> <!-- tearDown -->
        <test-method is-config="true" signature="setUp()[pri:0, instance:com.ibm.testing.Authentication@c730b35]" started-at="2025-12-29T12:21:19 IST" name="setUp" finished-at="2025-12-29T12:21:22 IST" duration-ms="3490" status="PASS">
          <reporter-output>
          </reporter-output>
        </test-method> <!-- setUp -->
        <test-method signature="validLogin()[pri:0, instance:com.ibm.testing.Authentication@c730b35]" started-at="2025-12-29T12:21:22 IST" name="validLogin" finished-at="2025-12-29T12:21:28 IST" duration-ms="5925" status="PASS">
          <reporter-output>
          </reporter-output>
        </test-method> <!-- validLogin -->
        <test-method is-config="true" signature="tearDown()[pri:0, instance:com.ibm.testing.Authentication@c730b35]" started-at="2025-12-29T12:21:28 IST" name="tearDown" finished-at="2025-12-29T12:21:33 IST" duration-ms="4555" status="PASS">
          <reporter-output>
          </reporter-output>
        </test-method> <!-- tearDown -->
      </class> <!-- com.ibm.testing.Authentication -->
    </test> <!-- Test -->
  </suite> <!-- Suite -->
</testng-results>
