<?xml version="1.0" encoding="UTF-8"?>
<!-- Generated by org.testng.reporters.JUnitReportReporter -->
<testsuite hostname="IBM-7V5V4D4" failures="0" tests="3" name="com.ibm.testing.Authentication" time="42.250" errors="0" timestamp="2025-12-29T12:21:33 IST" skipped="0">
  <testcase classname="com.ibm.testing.Authentication" name="validEmailInvalidPasswordFormat" time="14.464"/>
  <testcase classname="com.ibm.testing.Authentication" name="validLogin" time="14.015"/>
  <testcase classname="com.ibm.testing.Authentication" name="validEmailInvalidPassword" time="13.771"/>
</testsuite> <!-- com.ibm.testing.Authentication -->
