<?xml version="1.0" encoding="UTF-8"?>
<!-- Generated by org.testng.reporters.JUnitReportReporter -->
<testsuite hostname="IBM-7V5V4D4" failures="0" tests="3" name="com.ibm.testing.Authentication" time="46.210" errors="0" timestamp="2025-12-29T15:43:23 IST" skipped="0">
  <testcase classname="com.ibm.testing.Authentication" name="validLogin" time="16.716"/>
  <testcase classname="com.ibm.testing.Authentication" name="validEmailInvalidPassword" time="14.848"/>
  <testcase classname="com.ibm.testing.Authentication" name="validEmailInvalidPasswordFormat" time="14.646"/>
</testsuite> <!-- com.ibm.testing.Authentication -->
